#
# There is insufficient memory for the Java Runtime Environment to continue.
# Native memory allocation (malloc) failed to allocate 122816 bytes for Chunk::new
# Possible reasons:
#   The system is out of physical RAM or swap space
#   The process is running with CompressedOops enabled, and the Java Heap may be blocking the growth of the native heap
# Possible solutions:
#   Reduce memory load on the system
#   Increase physical memory or swap space
#   Check if swap backing store is full
#   Decrease Java heap size (-Xmx/-Xms)
#   Decrease number of Java threads
#   Decrease Java thread stack sizes (-Xss)
#   Set larger code cache with -XX:ReservedCodeCacheSize=
#   JVM is running with Zero Based Compressed Oops mode in which the Java heap is
#     placed in the first 32GB address space. The Java Heap base address is the
#     maximum limit for the native heap growth. Please use -XX:HeapBaseMinAddress
#     to set the Java Heap base and to place the Java Heap above 32GB virtual address.
# This output file may be truncated or incomplete.
#
#  Out of Memory Error (arena.cpp:189), pid=19552, tid=20524
#
# JRE version: OpenJDK Runtime Environment Temurin-17.0.8.1+1 (17.0.8.1+1) (build 17.0.8.1+1)
# Java VM: OpenJDK 64-Bit Server VM Temurin-17.0.8.1+1 (17.0.8.1+1, mixed mode, tiered, compressed oops, compressed class ptrs, g1 gc, windows-amd64)
# No core dump will be written. Minidumps are not enabled by default on client versions of Windows
#

---------------  S U M M A R Y ------------

Command Line: -ea -Dfile.encoding=UTF-8 -Dstdout.encoding=UTF-8 -Dstderr.encoding=UTF-8 -XX:+ShowCodeDetailsInExceptionMessages org.testng.remote.RemoteTestNG -serport 59082 -protocol json -d C:\Users\DELL\eclipse-workspace\TestNG_AutomationUniversity\test-output C:\Users\DELL\AppData\Local\Temp\testng-eclipse-1866564292\testng-customsuite.xml

Host: 11th Gen Intel(R) Core(TM) i7-1165G7 @ 2.80GHz, 8 cores, 23G,  Windows 11 , 64 bit Build 22621 (10.0.22621.2428)
Time: Sat Oct 28 21:13:32 2023 Central Asia Standard Time elapsed time: 0.550541 seconds (0d 0h 0m 0s)

---------------  T H R E A D  ---------------

Current thread (0x00000233521a11e0):  JavaThread "C2 CompilerThread0" daemon [_thread_in_native, id=20524, stack(0x000000340cb00000,0x000000340cc00000)]


Current CompileTask:
C2:    550 1140       4       java.io.WinNTFileSystem::normalize (143 bytes)

Stack: [0x000000340cb00000,0x000000340cc00000]
Native frames: (J=compiled Java code, j=interpreted, Vv=VM code, C=native code)
V  [jvm.dll+0x678b0a]
V  [jvm.dll+0x835e84]
V  [jvm.dll+0x83762e]
V  [jvm.dll+0x837c93]
V  [jvm.dll+0x24746f]
V  [jvm.dll+0xac20c]
V  [jvm.dll+0xac7dc]
V  [jvm.dll+0x2ae7af]
V  [jvm.dll+0x581427]
V  [jvm.dll+0x222602]
V  [jvm.dll+0x21b2bf]
V  [jvm.dll+0x218f0b]
V  [jvm.dll+0x1a534d]
V  [jvm.dll+0x228d8a]
V  [jvm.dll+0x226dcc]
V  [jvm.dll+0x7ec09b]
V  [jvm.dll+0x7e64ca]
V  [jvm.dll+0x677955]
C  [ucrtbase.dll+0x29363]
C  [KERNEL32.DLL+0x1257d]
C  [ntdll.dll+0x5aa78]


---------------  P R O C E S S  ---------------

Threads class SMR info:
_java_thread_list=0x0000023357349590, length=18, elements={
0x000002332caad8c0, 0x0000023352168030, 0x0000023352168bf0, 0x0000023352152470,
0x0000023352152d40, 0x0000023352153b00, 0x0000023352195020, 0x00000233521a11e0,
0x00000233521a1c90, 0x00000233521a2690, 0x00000233522c03c0, 0x000002335232be50,
0x00000233527d3710, 0x00000233529087d0, 0x0000023352de8a30, 0x0000023352de8f10,
0x0000023352de93f0, 0x00000233573fa890
}

Java Threads: ( => current thread )
  0x000002332caad8c0 JavaThread "main" [_thread_in_vm, id=22496, stack(0x000000340be00000,0x000000340bf00000)]
  0x0000023352168030 JavaThread "Reference Handler" daemon [_thread_blocked, id=22244, stack(0x000000340c500000,0x000000340c600000)]
  0x0000023352168bf0 JavaThread "Finalizer" daemon [_thread_blocked, id=3552, stack(0x000000340c600000,0x000000340c700000)]
  0x0000023352152470 JavaThread "Signal Dispatcher" daemon [_thread_blocked, id=21656, stack(0x000000340c700000,0x000000340c800000)]
  0x0000023352152d40 JavaThread "Attach Listener" daemon [_thread_blocked, id=23268, stack(0x000000340c800000,0x000000340c900000)]
  0x0000023352153b00 JavaThread "Service Thread" daemon [_thread_blocked, id=2084, stack(0x000000340c900000,0x000000340ca00000)]
  0x0000023352195020 JavaThread "Monitor Deflation Thread" daemon [_thread_blocked, id=5124, stack(0x000000340ca00000,0x000000340cb00000)]
=>0x00000233521a11e0 JavaThread "C2 CompilerThread0" daemon [_thread_in_native, id=20524, stack(0x000000340cb00000,0x000000340cc00000)]
  0x00000233521a1c90 JavaThread "C1 CompilerThread0" daemon [_thread_in_vm, id=25208, stack(0x000000340cc00000,0x000000340cd00000)]
  0x00000233521a2690 JavaThread "Sweeper thread" daemon [_thread_blocked, id=10124, stack(0x000000340cd00000,0x000000340ce00000)]
  0x00000233522c03c0 JavaThread "Notification Thread" daemon [_thread_blocked, id=25012, stack(0x000000340ce00000,0x000000340cf00000)]
  0x000002335232be50 JavaThread "Common-Cleaner" daemon [_thread_blocked, id=24404, stack(0x000000340d000000,0x000000340d100000)]
  0x00000233527d3710 JavaThread "C2 CompilerThread1" daemon [_thread_blocked, id=23368, stack(0x000000340d100000,0x000000340d200000)]
  0x00000233529087d0 JavaThread "ReaderThread" [_thread_in_native, id=25084, stack(0x000000340d300000,0x000000340d400000)]
  0x0000023352de8a30 JavaThread "ForkJoinPool.commonPool-worker-1" daemon [_thread_blocked, id=6784, stack(0x000000340d400000,0x000000340d500000)]
  0x0000023352de8f10 JavaThread "ForkJoinPool.commonPool-worker-2" daemon [_thread_blocked, id=9644, stack(0x000000340d500000,0x000000340d600000)]
  0x0000023352de93f0 JavaThread "ForkJoinPool.commonPool-worker-3" daemon [_thread_blocked, id=5264, stack(0x000000340d600000,0x000000340d700000)]
  0x00000233573fa890 JavaThread "ForkJoinPool.commonPool-worker-4" daemon [_thread_blocked, id=10672, stack(0x000000340d700000,0x000000340d800000)]

Other Threads:
  0x0000023352143c40 VMThread "VM Thread" [stack: 0x000000340c400000,0x000000340c500000] [id=8492]
  0x00000233522c08a0 WatcherThread [stack: 0x000000340cf00000,0x000000340d000000] [id=20824]
  0x000002332eb5a280 GCTaskThread "GC Thread#0" [stack: 0x000000340bf00000,0x000000340c000000] [id=19820]
  0x0000023352d212e0 GCTaskThread "GC Thread#1" [stack: 0x000000340d800000,0x000000340d900000] [id=19292]
  0x0000023352d215a0 GCTaskThread "GC Thread#2" [stack: 0x000000340d900000,0x000000340da00000] [id=14560]
  0x0000023352d21860 GCTaskThread "GC Thread#3" [stack: 0x000000340da00000,0x000000340db00000] [id=19744]
  0x0000023352d21b20 GCTaskThread "GC Thread#4" [stack: 0x000000340db00000,0x000000340dc00000] [id=4164]
  0x0000023352d21de0 GCTaskThread "GC Thread#5" [stack: 0x000000340dc00000,0x000000340dd00000] [id=6936]
  0x00000233529bf480 GCTaskThread "GC Thread#6" [stack: 0x000000340dd00000,0x000000340de00000] [id=7412]
  0x00000233529bf740 GCTaskThread "GC Thread#7" [stack: 0x000000340de00000,0x000000340df00000] [id=6596]
  0x000002332eb66fd0 ConcurrentGCThread "G1 Main Marker" [stack: 0x000000340c000000,0x000000340c100000] [id=4132]
  0x000002332eb68180 ConcurrentGCThread "G1 Conc#0" [stack: 0x000000340c100000,0x000000340c200000] [id=24840]
  0x0000023351c59b40 ConcurrentGCThread "G1 Refine#0" [stack: 0x000000340c200000,0x000000340c300000] [id=15784]
  0x0000023351c5a380 ConcurrentGCThread "G1 Service" [stack: 0x000000340c300000,0x000000340c400000] [id=18768]

Threads with active compile tasks:
C2 CompilerThread0      564 1140       4       java.io.WinNTFileSystem::normalize (143 bytes)
C1 CompilerThread0      564 1147       3       java.lang.invoke.MemberName::<init> (139 bytes)

VM state: not at safepoint (normal execution)

VM Mutex/Monitor currently owned by a thread:  ([mutex/lock_event])
[0x000002332eabf7c0] Metaspace_lock - owner thread: 0x00000233521a1c90
[0x000002332eacdb60] MethodData_lock - owner thread: 0x00000233521a1c90

Heap address: 0x0000000684000000, size: 6080 MB, Compressed Oops mode: Zero based, Oop shift amount: 3

CDS archive(s) not mapped
Compressed class space mapped at: 0x0000000800000000-0x0000000840000000, reserved size: 1073741824
Narrow klass base: 0x0000000800000000, Narrow klass shift: 0, Narrow klass range: 0x40000000

GC Precious Log:
 CPUs: 8 total, 8 available
 Memory: 24310M
 Large Page Support: Disabled
 NUMA Support: Disabled
 Compressed Oops: Enabled (Zero based)
 Heap Region Size: 4M
 Heap Min Capacity: 8M
 Heap Initial Capacity: 380M
 Heap Max Capacity: 6080M
 Pre-touch: Disabled
 Parallel Workers: 8
 Concurrent Workers: 2
 Concurrent Refinement Workers: 8
 Periodic GC: Disabled

Heap:
 garbage-first heap   total 389120K, used 4405K [0x0000000684000000, 0x0000000800000000)
  region size 4096K, 2 young (8192K), 1 survivors (4096K)
 Metaspace       used 15603K, committed 15744K, reserved 1114112K
  class space    used 1599K, committed 1664K, reserved 1048576K

Heap Regions: E=young(eden), S=young(survivor), O=old, HS=humongous(starts), HC=humongous(continues), CS=collection set, F=free, OA=open archive, CA=closed archive, TAMS=top-at-mark-start (previous, next)
|   0|0x0000000684000000, 0x000000068404d600, 0x0000000684400000|  7%| O|  |TAMS 0x0000000684000000, 0x0000000684000000| Untracked 
|   1|0x0000000684400000, 0x0000000684400000, 0x0000000684800000|  0%| F|  |TAMS 0x0000000684400000, 0x0000000684400000| Untracked 
|   2|0x0000000684800000, 0x0000000684800000, 0x0000000684c00000|  0%| F|  |TAMS 0x0000000684800000, 0x0000000684800000| Untracked 
|   3|0x0000000684c00000, 0x0000000684c00000, 0x0000000685000000|  0%| F|  |TAMS 0x0000000684c00000, 0x0000000684c00000| Untracked 
|   4|0x0000000685000000, 0x0000000685000000, 0x0000000685400000|  0%| F|  |TAMS 0x0000000685000000, 0x0000000685000000| Untracked 
|   5|0x0000000685400000, 0x0000000685400000, 0x0000000685800000|  0%| F|  |TAMS 0x0000000685400000, 0x0000000685400000| Untracked 
|   6|0x0000000685800000, 0x0000000685800000, 0x0000000685c00000|  0%| F|  |TAMS 0x0000000685800000, 0x0000000685800000| Untracked 
|   7|0x0000000685c00000, 0x0000000685c00000, 0x0000000686000000|  0%| F|  |TAMS 0x0000000685c00000, 0x0000000685c00000| Untracked 
|   8|0x0000000686000000, 0x0000000686000000, 0x0000000686400000|  0%| F|  |TAMS 0x0000000686000000, 0x0000000686000000| Untracked 
|   9|0x0000000686400000, 0x0000000686400000, 0x0000000686800000|  0%| F|  |TAMS 0x0000000686400000, 0x0000000686400000| Untracked 
|  10|0x0000000686800000, 0x0000000686800000, 0x0000000686c00000|  0%| F|  |TAMS 0x0000000686800000, 0x0000000686800000| Untracked 
|  11|0x0000000686c00000, 0x0000000686c00000, 0x0000000687000000|  0%| F|  |TAMS 0x0000000686c00000, 0x0000000686c00000| Untracked 
|  12|0x0000000687000000, 0x0000000687000000, 0x0000000687400000|  0%| F|  |TAMS 0x0000000687000000, 0x0000000687000000| Untracked 
|  13|0x0000000687400000, 0x0000000687400000, 0x0000000687800000|  0%| F|  |TAMS 0x0000000687400000, 0x0000000687400000| Untracked 
|  14|0x0000000687800000, 0x0000000687800000, 0x0000000687c00000|  0%| F|  |TAMS 0x0000000687800000, 0x0000000687800000| Untracked 
|  15|0x0000000687c00000, 0x0000000687c00000, 0x0000000688000000|  0%| F|  |TAMS 0x0000000687c00000, 0x0000000687c00000| Untracked 
|  16|0x0000000688000000, 0x0000000688000000, 0x0000000688400000|  0%| F|  |TAMS 0x0000000688000000, 0x0000000688000000| Untracked 
|  17|0x0000000688400000, 0x0000000688400000, 0x0000000688800000|  0%| F|  |TAMS 0x0000000688400000, 0x0000000688400000| Untracked 
|  18|0x0000000688800000, 0x0000000688800000, 0x0000000688c00000|  0%| F|  |TAMS 0x0000000688800000, 0x0000000688800000| Untracked 
|  19|0x0000000688c00000, 0x0000000688c00000, 0x0000000689000000|  0%| F|  |TAMS 0x0000000688c00000, 0x0000000688c00000| Untracked 
|  20|0x0000000689000000, 0x0000000689000000, 0x0000000689400000|  0%| F|  |TAMS 0x0000000689000000, 0x0000000689000000| Untracked 
|  21|0x0000000689400000, 0x0000000689400000, 0x0000000689800000|  0%| F|  |TAMS 0x0000000689400000, 0x0000000689400000| Untracked 
|  22|0x0000000689800000, 0x0000000689800000, 0x0000000689c00000|  0%| F|  |TAMS 0x0000000689800000, 0x0000000689800000| Untracked 
|  23|0x0000000689c00000, 0x0000000689c00000, 0x000000068a000000|  0%| F|  |TAMS 0x0000000689c00000, 0x0000000689c00000| Untracked 
|  24|0x000000068a000000, 0x000000068a000000, 0x000000068a400000|  0%| F|  |TAMS 0x000000068a000000, 0x000000068a000000| Untracked 
|  25|0x000000068a400000, 0x000000068a400000, 0x000000068a800000|  0%| F|  |TAMS 0x000000068a400000, 0x000000068a400000| Untracked 
|  26|0x000000068a800000, 0x000000068a800000, 0x000000068ac00000|  0%| F|  |TAMS 0x000000068a800000, 0x000000068a800000| Untracked 
|  27|0x000000068ac00000, 0x000000068ac00000, 0x000000068b000000|  0%| F|  |TAMS 0x000000068ac00000, 0x000000068ac00000| Untracked 
|  28|0x000000068b000000, 0x000000068b000000, 0x000000068b400000|  0%| F|  |TAMS 0x000000068b000000, 0x000000068b000000| Untracked 
|  29|0x000000068b400000, 0x000000068b400000, 0x000000068b800000|  0%| F|  |TAMS 0x000000068b400000, 0x000000068b400000| Untracked 
|  30|0x000000068b800000, 0x000000068b800000, 0x000000068bc00000|  0%| F|  |TAMS 0x000000068b800000, 0x000000068b800000| Untracked 
|  31|0x000000068bc00000, 0x000000068bc00000, 0x000000068c000000|  0%| F|  |TAMS 0x000000068bc00000, 0x000000068bc00000| Untracked 
|  32|0x000000068c000000, 0x000000068c000000, 0x000000068c400000|  0%| F|  |TAMS 0x000000068c000000, 0x000000068c000000| Untracked 
|  33|0x000000068c400000, 0x000000068c400000, 0x000000068c800000|  0%| F|  |TAMS 0x000000068c400000, 0x000000068c400000| Untracked 
|  34|0x000000068c800000, 0x000000068c800000, 0x000000068cc00000|  0%| F|  |TAMS 0x000000068c800000, 0x000000068c800000| Untracked 
|  35|0x000000068cc00000, 0x000000068cc00000, 0x000000068d000000|  0%| F|  |TAMS 0x000000068cc00000, 0x000000068cc00000| Untracked 
|  36|0x000000068d000000, 0x000000068d000000, 0x000000068d400000|  0%| F|  |TAMS 0x000000068d000000, 0x000000068d000000| Untracked 
|  37|0x000000068d400000, 0x000000068d400000, 0x000000068d800000|  0%| F|  |TAMS 0x000000068d400000, 0x000000068d400000| Untracked 
|  38|0x000000068d800000, 0x000000068d800000, 0x000000068dc00000|  0%| F|  |TAMS 0x000000068d800000, 0x000000068d800000| Untracked 
|  39|0x000000068dc00000, 0x000000068dc00000, 0x000000068e000000|  0%| F|  |TAMS 0x000000068dc00000, 0x000000068dc00000| Untracked 
|  40|0x000000068e000000, 0x000000068e000000, 0x000000068e400000|  0%| F|  |TAMS 0x000000068e000000, 0x000000068e000000| Untracked 
|  41|0x000000068e400000, 0x000000068e400000, 0x000000068e800000|  0%| F|  |TAMS 0x000000068e400000, 0x000000068e400000| Untracked 
|  42|0x000000068e800000, 0x000000068e800000, 0x000000068ec00000|  0%| F|  |TAMS 0x000000068e800000, 0x000000068e800000| Untracked 
|  43|0x000000068ec00000, 0x000000068ec00000, 0x000000068f000000|  0%| F|  |TAMS 0x000000068ec00000, 0x000000068ec00000| Untracked 
|  44|0x000000068f000000, 0x000000068f000000, 0x000000068f400000|  0%| F|  |TAMS 0x000000068f000000, 0x000000068f000000| Untracked 
|  45|0x000000068f400000, 0x000000068f400000, 0x000000068f800000|  0%| F|  |TAMS 0x000000068f400000, 0x000000068f400000| Untracked 
|  46|0x000000068f800000, 0x000000068f800000, 0x000000068fc00000|  0%| F|  |TAMS 0x000000068f800000, 0x000000068f800000| Untracked 
|  47|0x000000068fc00000, 0x000000068fc00000, 0x0000000690000000|  0%| F|  |TAMS 0x000000068fc00000, 0x000000068fc00000| Untracked 
|  48|0x0000000690000000, 0x0000000690000000, 0x0000000690400000|  0%| F|  |TAMS 0x0000000690000000, 0x0000000690000000| Untracked 
|  49|0x0000000690400000, 0x0000000690400000, 0x0000000690800000|  0%| F|  |TAMS 0x0000000690400000, 0x0000000690400000| Untracked 
|  50|0x0000000690800000, 0x0000000690800000, 0x0000000690c00000|  0%| F|  |TAMS 0x0000000690800000, 0x0000000690800000| Untracked 
|  51|0x0000000690c00000, 0x0000000690c00000, 0x0000000691000000|  0%| F|  |TAMS 0x0000000690c00000, 0x0000000690c00000| Untracked 
|  52|0x0000000691000000, 0x0000000691000000, 0x0000000691400000|  0%| F|  |TAMS 0x0000000691000000, 0x0000000691000000| Untracked 
|  53|0x0000000691400000, 0x0000000691400000, 0x0000000691800000|  0%| F|  |TAMS 0x0000000691400000, 0x0000000691400000| Untracked 
|  54|0x0000000691800000, 0x0000000691800000, 0x0000000691c00000|  0%| F|  |TAMS 0x0000000691800000, 0x0000000691800000| Untracked 
|  55|0x0000000691c00000, 0x0000000691c00000, 0x0000000692000000|  0%| F|  |TAMS 0x0000000691c00000, 0x0000000691c00000| Untracked 
|  56|0x0000000692000000, 0x0000000692000000, 0x0000000692400000|  0%| F|  |TAMS 0x0000000692000000, 0x0000000692000000| Untracked 
|  57|0x0000000692400000, 0x0000000692400000, 0x0000000692800000|  0%| F|  |TAMS 0x0000000692400000, 0x0000000692400000| Untracked 
|  58|0x0000000692800000, 0x0000000692800000, 0x0000000692c00000|  0%| F|  |TAMS 0x0000000692800000, 0x0000000692800000| Untracked 
|  59|0x0000000692c00000, 0x0000000692c00000, 0x0000000693000000|  0%| F|  |TAMS 0x0000000692c00000, 0x0000000692c00000| Untracked 
|  60|0x0000000693000000, 0x0000000693000000, 0x0000000693400000|  0%| F|  |TAMS 0x0000000693000000, 0x0000000693000000| Untracked 
|  61|0x0000000693400000, 0x0000000693400000, 0x0000000693800000|  0%| F|  |TAMS 0x0000000693400000, 0x0000000693400000| Untracked 
|  62|0x0000000693800000, 0x0000000693800000, 0x0000000693c00000|  0%| F|  |TAMS 0x0000000693800000, 0x0000000693800000| Untracked 
|  63|0x0000000693c00000, 0x0000000693c00000, 0x0000000694000000|  0%| F|  |TAMS 0x0000000693c00000, 0x0000000693c00000| Untracked 
|  64|0x0000000694000000, 0x0000000694000000, 0x0000000694400000|  0%| F|  |TAMS 0x0000000694000000, 0x0000000694000000| Untracked 
|  65|0x0000000694400000, 0x0000000694400000, 0x0000000694800000|  0%| F|  |TAMS 0x0000000694400000, 0x0000000694400000| Untracked 
|  66|0x0000000694800000, 0x0000000694800000, 0x0000000694c00000|  0%| F|  |TAMS 0x0000000694800000, 0x0000000694800000| Untracked 
|  67|0x0000000694c00000, 0x0000000694c00000, 0x0000000695000000|  0%| F|  |TAMS 0x0000000694c00000, 0x0000000694c00000| Untracked 
|  68|0x0000000695000000, 0x0000000695000000, 0x0000000695400000|  0%| F|  |TAMS 0x0000000695000000, 0x0000000695000000| Untracked 
|  69|0x0000000695400000, 0x0000000695400000, 0x0000000695800000|  0%| F|  |TAMS 0x0000000695400000, 0x0000000695400000| Untracked 
|  70|0x0000000695800000, 0x0000000695800000, 0x0000000695c00000|  0%| F|  |TAMS 0x0000000695800000, 0x0000000695800000| Untracked 
|  71|0x0000000695c00000, 0x0000000695c00000, 0x0000000696000000|  0%| F|  |TAMS 0x0000000695c00000, 0x0000000695c00000| Untracked 
|  72|0x0000000696000000, 0x0000000696000000, 0x0000000696400000|  0%| F|  |TAMS 0x0000000696000000, 0x0000000696000000| Untracked 
|  73|0x0000000696400000, 0x0000000696400000, 0x0000000696800000|  0%| F|  |TAMS 0x0000000696400000, 0x0000000696400000| Untracked 
|  74|0x0000000696800000, 0x0000000696800000, 0x0000000696c00000|  0%| F|  |TAMS 0x0000000696800000, 0x0000000696800000| Untracked 
|  75|0x0000000696c00000, 0x0000000696c00000, 0x0000000697000000|  0%| F|  |TAMS 0x0000000696c00000, 0x0000000696c00000| Untracked 
|  76|0x0000000697000000, 0x0000000697000000, 0x0000000697400000|  0%| F|  |TAMS 0x0000000697000000, 0x0000000697000000| Untracked 
|  77|0x0000000697400000, 0x0000000697400000, 0x0000000697800000|  0%| F|  |TAMS 0x0000000697400000, 0x0000000697400000| Untracked 
|  78|0x0000000697800000, 0x0000000697800000, 0x0000000697c00000|  0%| F|  |TAMS 0x0000000697800000, 0x0000000697800000| Untracked 
|  79|0x0000000697c00000, 0x0000000697c00000, 0x0000000698000000|  0%| F|  |TAMS 0x0000000697c00000, 0x0000000697c00000| Untracked 
|  80|0x0000000698000000, 0x0000000698000000, 0x0000000698400000|  0%| F|  |TAMS 0x0000000698000000, 0x0000000698000000| Untracked 
|  81|0x0000000698400000, 0x0000000698400000, 0x0000000698800000|  0%| F|  |TAMS 0x0000000698400000, 0x0000000698400000| Untracked 
|  82|0x0000000698800000, 0x0000000698800000, 0x0000000698c00000|  0%| F|  |TAMS 0x0000000698800000, 0x0000000698800000| Untracked 
|  83|0x0000000698c00000, 0x0000000698c00000, 0x0000000699000000|  0%| F|  |TAMS 0x0000000698c00000, 0x0000000698c00000| Untracked 
|  84|0x0000000699000000, 0x0000000699000000, 0x0000000699400000|  0%| F|  |TAMS 0x0000000699000000, 0x0000000699000000| Untracked 
|  85|0x0000000699400000, 0x0000000699400000, 0x0000000699800000|  0%| F|  |TAMS 0x0000000699400000, 0x0000000699400000| Untracked 
|  86|0x0000000699800000, 0x0000000699800000, 0x0000000699c00000|  0%| F|  |TAMS 0x0000000699800000, 0x0000000699800000| Untracked 
|  87|0x0000000699c00000, 0x0000000699c00000, 0x000000069a000000|  0%| F|  |TAMS 0x0000000699c00000, 0x0000000699c00000| Untracked 
|  88|0x000000069a000000, 0x000000069a000000, 0x000000069a400000|  0%| F|  |TAMS 0x000000069a000000, 0x000000069a000000| Untracked 
|  89|0x000000069a400000, 0x000000069a800000, 0x000000069a800000|100%| S|CS|TAMS 0x000000069a400000, 0x000000069a400000| Complete 
|  90|0x000000069a800000, 0x000000069a800000, 0x000000069ac00000|  0%| F|  |TAMS 0x000000069a800000, 0x000000069a800000| Untracked 
|  91|0x000000069ac00000, 0x000000069ac00000, 0x000000069b000000|  0%| F|  |TAMS 0x000000069ac00000, 0x000000069ac00000| Untracked 
|  92|0x000000069b000000, 0x000000069b000000, 0x000000069b400000|  0%| F|  |TAMS 0x000000069b000000, 0x000000069b000000| Untracked 
|  93|0x000000069b400000, 0x000000069b400000, 0x000000069b800000|  0%| F|  |TAMS 0x000000069b400000, 0x000000069b400000| Untracked 
|  94|0x000000069b800000, 0x000000069b95e518, 0x000000069bc00000| 34%| E|  |TAMS 0x000000069b800000, 0x000000069b800000| Complete 

Card table byte_map: [0x0000023342090000,0x0000023342c70000] _byte_map_base: 0x000002333ec70000

Marking Bits (Prev, Next): (CMBitMap*) 0x000002332eb5a8a0, (CMBitMap*) 0x000002332eb5a8e0
 Prev Bits: [0x0000023343850000, 0x0000023349750000)
 Next Bits: [0x0000023349750000, 0x000002334f650000)

Polling page: 0x000002332e280000

Metaspace:

Usage:
  Non-class:     13.68 MB used.
      Class:      1.56 MB used.
       Both:     15.24 MB used.

Virtual space:
  Non-class space:       64.00 MB reserved,      13.75 MB ( 21%) committed,  1 nodes.
      Class space:        1.00 GB reserved,       1.62 MB ( <1%) committed,  1 nodes.
             Both:        1.06 GB reserved,      15.38 MB (  1%) committed. 

Chunk freelists:
   Non-Class:  1.97 MB
       Class:  14.39 MB
        Both:  16.36 MB

MaxMetaspaceSize: unlimited
CompressedClassSpaceSize: 1.00 GB
Initial GC threshold: 21.00 MB
Current GC threshold: 21.00 MB
CDS: off
MetaspaceReclaimPolicy: balanced
 - commit_granule_bytes: 65536.
 - commit_granule_words: 8192.
 - virtual_space_node_default_size: 8388608.
 - enlarge_chunks_in_place: 1.
 - new_chunks_are_fully_committed: 0.
 - uncommit_free_chunks: 1.
 - use_allocation_guard: 0.
 - handle_deallocations: 1.


Internal statistics:

num_allocs_failed_limit: 0.
num_arena_births: 140.
num_arena_deaths: 0.
num_vsnodes_births: 2.
num_vsnodes_deaths: 0.
num_space_committed: 246.
num_space_uncommitted: 0.
num_chunks_returned_to_freelist: 0.
num_chunks_taken_from_freelist: 356.
num_chunk_merges: 0.
num_chunk_splits: 206.
num_chunks_enlarged: 137.
num_inconsistent_stats: 0.

CodeHeap 'non-profiled nmethods': size=120000Kb used=353Kb max_used=353Kb free=119647Kb
 bounds [0x0000023339c50000, 0x0000023339ec0000, 0x0000023341180000]
CodeHeap 'profiled nmethods': size=120000Kb used=2004Kb max_used=2004Kb free=117995Kb
 bounds [0x0000023332180000, 0x00000233323f0000, 0x00000233396b0000]
CodeHeap 'non-nmethods': size=5760Kb used=1182Kb max_used=1196Kb free=4577Kb
 bounds [0x00000233396b0000, 0x0000023339920000, 0x0000023339c50000]
 total_blobs=1611 nmethods=1146 adapters=378
 compilation: enabled
              stopped_count=0, restarted_count=0
 full_count=0

Compilation events (20 events):
Event: 0.536 Thread 0x00000233521a1c90 1131       1       java.util.concurrent.ConcurrentHashMap$MapEntry::getKey (5 bytes)
Event: 0.536 Thread 0x00000233521a1c90 nmethod 1131 0x0000023339ca6c10 code [0x0000023339ca6da0, 0x0000023339ca6e78]
Event: 0.536 Thread 0x00000233521a1c90 1132       1       java.util.concurrent.ConcurrentHashMap$MapEntry::getValue (5 bytes)
Event: 0.537 Thread 0x00000233521a1c90 nmethod 1132 0x0000023339ca6f10 code [0x0000023339ca70a0, 0x0000023339ca7178]
Event: 0.537 Thread 0x00000233527d3710 nmethod 1137 0x0000023339ca7210 code [0x0000023339ca7380, 0x0000023339ca7438]
Event: 0.537 Thread 0x00000233521a1c90 1138       3       java.lang.invoke.InnerClassLambdaMetafactory::getLoadOpcode (26 bytes)
Event: 0.537 Thread 0x00000233521a1c90 nmethod 1138 0x0000023332373a10 code [0x0000023332373bc0, 0x0000023332373df8]
Event: 0.537 Thread 0x00000233521a1c90 1139       3       java.lang.invoke.InnerClassLambdaMetafactory::getParameterSize (27 bytes)
Event: 0.537 Thread 0x00000233521a1c90 nmethod 1139 0x0000023332373f10 code [0x00000233323740c0, 0x00000233323742d8]
Event: 0.546 Thread 0x00000233521a11e0 1140       4       java.io.WinNTFileSystem::normalize (143 bytes)
Event: 0.547 Thread 0x00000233521a1c90 1141       3       java.lang.invoke.BoundMethodHandle::<init> (32 bytes)
Event: 0.547 Thread 0x00000233521a1c90 nmethod 1141 0x0000023332374390 code [0x0000023332374540, 0x00000233323746a8]
Event: 0.547 Thread 0x00000233521a1c90 1142       1       java.lang.reflect.Constructor::getConstructorAccessor (5 bytes)
Event: 0.547 Thread 0x00000233521a1c90 nmethod 1142 0x0000023339ca7510 code [0x0000023339ca76a0, 0x0000023339ca7778]
Event: 0.547 Thread 0x00000233521a1c90 1143       1       jdk.internal.reflect.DelegatingConstructorAccessorImpl::setDelegate (6 bytes)
Event: 0.547 Thread 0x00000233521a1c90 nmethod 1143 0x0000023339ca7810 code [0x0000023339ca79a0, 0x0000023339ca7ab8]
Event: 0.547 Thread 0x00000233527d3710 1144       4       jdk.internal.misc.Unsafe::allocateUninitializedArray (55 bytes)
Event: 0.548 Thread 0x00000233521a1c90 1145       3       java.security.SecureClassLoader::defineClass (16 bytes)
Event: 0.548 Thread 0x00000233521a1c90 nmethod 1145 0x0000023332374790 code [0x0000023332374940, 0x0000023332374ad8]
Event: 0.548 Thread 0x00000233527d3710 nmethod 1144 0x0000023339ca7b10 code [0x0000023339ca7ca0, 0x0000023339ca7e78]

GC Heap History (2 events):
Event: 0.525 GC heap before
{Heap before GC invocations=0 (full 0):
 garbage-first heap   total 389120K, used 16384K [0x0000000684000000, 0x0000000800000000)
  region size 4096K, 5 young (20480K), 0 survivors (0K)
 Metaspace       used 15010K, committed 15232K, reserved 1114112K
  class space    used 1518K, committed 1664K, reserved 1048576K
}
Event: 0.529 GC heap after
{Heap after GC invocations=1 (full 0):
 garbage-first heap   total 389120K, used 4405K [0x0000000684000000, 0x0000000800000000)
  region size 4096K, 1 young (4096K), 1 survivors (4096K)
 Metaspace       used 15010K, committed 15232K, reserved 1114112K
  class space    used 1518K, committed 1664K, reserved 1048576K
}

Dll operation events (5 events):
Event: 0.006 Loaded shared library C:\Users\DELL\.p2\pool\plugins\org.eclipse.justj.openjdk.hotspot.jre.full.win32.x86_64_17.0.8.v20230831-1047\jre\bin\java.dll
Event: 0.090 Loaded shared library C:\Users\DELL\.p2\pool\plugins\org.eclipse.justj.openjdk.hotspot.jre.full.win32.x86_64_17.0.8.v20230831-1047\jre\bin\net.dll
Event: 0.091 Loaded shared library C:\Users\DELL\.p2\pool\plugins\org.eclipse.justj.openjdk.hotspot.jre.full.win32.x86_64_17.0.8.v20230831-1047\jre\bin\nio.dll
Event: 0.097 Loaded shared library C:\Users\DELL\.p2\pool\plugins\org.eclipse.justj.openjdk.hotspot.jre.full.win32.x86_64_17.0.8.v20230831-1047\jre\bin\zip.dll
Event: 0.174 Loaded shared library C:\Users\DELL\.p2\pool\plugins\org.eclipse.justj.openjdk.hotspot.jre.full.win32.x86_64_17.0.8.v20230831-1047\jre\bin\jimage.dll

Deoptimization events (20 events):
Event: 0.080 Thread 0x000002332caad8c0 DEOPT PACKING pc=0x0000023339c511f8 sp=0x000000340befee20
Event: 0.080 Thread 0x000002332caad8c0 DEOPT UNPACKING pc=0x000002333970a1a3 sp=0x000000340befed60 mode 2
Event: 0.145 Thread 0x000002332caad8c0 DEOPT PACKING pc=0x00000233321971e7 sp=0x000000340befdff0
Event: 0.145 Thread 0x000002332caad8c0 DEOPT UNPACKING pc=0x000002333970ace3 sp=0x000000340befd410 mode 0
Event: 0.160 Thread 0x000002332caad8c0 DEOPT PACKING pc=0x00000233321875d1 sp=0x000000340befe250
Event: 0.160 Thread 0x000002332caad8c0 DEOPT UNPACKING pc=0x000002333970ace3 sp=0x000000340befd6c8 mode 0
Event: 0.201 Thread 0x000002332caad8c0 Uncommon trap: trap_request=0xffffff45 fr.pc=0x0000023339c6c3e4 relative=0x0000000000000064
Event: 0.201 Thread 0x000002332caad8c0 Uncommon trap: reason=unstable_if action=reinterpret pc=0x0000023339c6c3e4 method=java.io.WinNTFileSystem.isSlash(C)Z @ 9 c2
Event: 0.201 Thread 0x000002332caad8c0 DEOPT PACKING pc=0x0000023339c6c3e4 sp=0x000000340befe9d0
Event: 0.201 Thread 0x000002332caad8c0 DEOPT UNPACKING pc=0x000002333970a1a3 sp=0x000000340befe958 mode 2
Event: 0.291 Thread 0x000002332caad8c0 DEOPT PACKING pc=0x00000233321a70e5 sp=0x000000340befcf70
Event: 0.291 Thread 0x000002332caad8c0 DEOPT UNPACKING pc=0x000002333970ace3 sp=0x000000340befc3c0 mode 0
Event: 0.304 Thread 0x000002332caad8c0 Uncommon trap: trap_request=0xffffff45 fr.pc=0x0000023339c61a18 relative=0x00000000000001f8
Event: 0.304 Thread 0x000002332caad8c0 Uncommon trap: reason=unstable_if action=reinterpret pc=0x0000023339c61a18 method=java.lang.String.startsWith(Ljava/lang/String;I)Z @ 1 c2
Event: 0.304 Thread 0x000002332caad8c0 DEOPT PACKING pc=0x0000023339c61a18 sp=0x000000340befc840
Event: 0.304 Thread 0x000002332caad8c0 DEOPT UNPACKING pc=0x000002333970a1a3 sp=0x000000340befc7a8 mode 2
Event: 0.520 Thread 0x000002332caad8c0 DEOPT PACKING pc=0x00000233321b1c7e sp=0x000000340bef7810
Event: 0.520 Thread 0x000002332caad8c0 DEOPT UNPACKING pc=0x000002333970ace3 sp=0x000000340bef6c80 mode 0
Event: 0.525 Thread 0x000002332caad8c0 DEOPT PACKING pc=0x00000233322b8b0b sp=0x000000340bef8f50
Event: 0.525 Thread 0x000002332caad8c0 DEOPT UNPACKING pc=0x000002333970ace3 sp=0x000000340bef83b0 mode 0

Classes unloaded (0 events):
No events

Classes redefined (0 events):
No events

Internal exceptions (20 events):
Event: 0.386 Thread 0x000002332caad8c0 Exception <a 'java/lang/NoSuchMethodError'{0x000000069ac10bf0}: 'java.lang.Object java.lang.invoke.Invokers$Holder.invokeExact_MT(java.lang.Object, java.lang.Object, java.lang.Object, java.lang.Object, java.lang.Object, java.lang.Object)'> (0x000000069ac10bf0) 
thrown [s\src\hotspot\share\interpreter\linkResolver.cpp, line 759]
Event: 0.394 Thread 0x000002332caad8c0 Exception <a 'java/lang/NoSuchMethodError'{0x000000069ac7c0c8}: 'int java.lang.invoke.DirectMethodHandle$Holder.invokeStaticInit(java.lang.Object, java.lang.Object, java.lang.Object)'> (0x000000069ac7c0c8) 
thrown [s\src\hotspot\share\interpreter\linkResolver.cpp, line 759]
Event: 0.423 Thread 0x000002332caad8c0 Exception <a 'java/lang/NoSuchMethodError'{0x000000069ada3e90}: 'java.lang.Object java.lang.invoke.DirectMethodHandle$Holder.invokeSpecial(java.lang.Object, java.lang.Object, java.lang.Object, java.lang.Object, java.lang.Object, java.lang.Object, java.lang.Object, java.lang.Object, java.lang.Object, java.lang.Object)'> (0x000000069ada3e90) 
thrown [s\src\hotspot\share\interpreter\linkResolver.cpp, line 759]
Event: 0.423 Thread 0x000002332caad8c0 Exception <a 'java/lang/NoSuchMethodError'{0x000000069adaecf0}: 'java.lang.Object java.lang.invoke.DirectMethodHandle$Holder.newInvokeSpecial(java.lang.Object, java.lang.Object, java.lang.Object, java.lang.Object, java.lang.Object, java.lang.Object, java.lang.Object, java.lang.Object, java.lang.Object)'> (0x000000069adaecf0) 
thrown [s\src\hotspot\share\interpreter\linkResolver.cpp, line 759]
Event: 0.424 Thread 0x000002332caad8c0 Exception <a 'java/lang/NoSuchMethodError'{0x000000069adb4040}: 'java.lang.Object java.lang.invoke.Invokers$Holder.linkToTargetMethod(java.lang.Object, java.lang.Object, java.lang.Object, java.lang.Object, java.lang.Object, java.lang.Object, java.lang.Object, java.lang.Object, java.lang.Object)'> (0x000000069adb4040) 
thrown [s\src\hotspot\share\interpreter\linkResolver.cpp, line 759]
Event: 0.427 Thread 0x000002332caad8c0 Exception <a 'java/lang/NoSuchMethodError'{0x000000069ade14b0}: 'java.lang.Object java.lang.invoke.DirectMethodHandle$Holder.newInvokeSpecial(java.lang.Object, java.lang.Object, java.lang.Object, java.lang.Object, java.lang.Object, java.lang.Object, java.lang.Object)'> (0x000000069ade14b0) 
thrown [s\src\hotspot\share\interpreter\linkResolver.cpp, line 759]
Event: 0.427 Thread 0x000002332caad8c0 Exception <a 'java/lang/NoSuchMethodError'{0x000000069ade6118}: 'java.lang.Object java.lang.invoke.Invokers$Holder.linkToTargetMethod(java.lang.Object, java.lang.Object, java.lang.Object, java.lang.Object, java.lang.Object, java.lang.Object, java.lang.Object)'> (0x000000069ade6118) 
thrown [s\src\hotspot\share\interpreter\linkResolver.cpp, line 759]
Event: 0.429 Thread 0x000002332caad8c0 Exception <a 'java/lang/NoSuchMethodError'{0x000000069adf1fc0}: 'void java.lang.invoke.DirectMethodHandle$Holder.invokeStatic(java.lang.Object, java.lang.Object, java.lang.Object, java.lang.Object)'> (0x000000069adf1fc0) 
thrown [s\src\hotspot\share\interpreter\linkResolver.cpp, line 759]
Event: 0.435 Thread 0x000002332caad8c0 Exception <a 'java/lang/NoSuchMethodError'{0x000000069ae57548}: 'int java.lang.invoke.DirectMethodHandle$Holder.invokeSpecial(java.lang.Object, java.lang.Object, java.lang.Object)'> (0x000000069ae57548) 
thrown [s\src\hotspot\share\interpreter\linkResolver.cpp, line 759]
Event: 0.446 Thread 0x000002332caad8c0 Exception <a 'java/lang/NoSuchMethodError'{0x000000069aeb33a0}: 'java.lang.Object java.lang.invoke.DirectMethodHandle$Holder.invokeInterface(java.lang.Object, java.lang.Object)'> (0x000000069aeb33a0) 
thrown [s\src\hotspot\share\interpreter\linkResolver.cpp, line 759]
Event: 0.447 Thread 0x000002332caad8c0 Exception <a 'java/lang/IncompatibleClassChangeError'{0x000000069aeb6b98}: Found class java.lang.Object, but interface was expected> (0x000000069aeb6b98) 
thrown [s\src\hotspot\share\interpreter\linkResolver.cpp, line 826]
Event: 0.456 Thread 0x000002332caad8c0 Exception <a 'java/lang/NoSuchMethodError'{0x000000069af3fc60}: 'java.lang.Object java.lang.invoke.DirectMethodHandle$Holder.invokeStatic(java.lang.Object, java.lang.Object, int, java.lang.Object, java.lang.Object)'> (0x000000069af3fc60) 
thrown [s\src\hotspot\share\interpreter\linkResolver.cpp, line 759]
Event: 0.456 Thread 0x000002332caad8c0 Exception <a 'java/lang/NoSuchMethodError'{0x000000069af47a28}: 'java.lang.Object java.lang.invoke.DirectMethodHandle$Holder.newInvokeSpecial(java.lang.Object, java.lang.Object, int, java.lang.Object)'> (0x000000069af47a28) 
thrown [s\src\hotspot\share\interpreter\linkResolver.cpp, line 759]
Event: 0.456 Thread 0x000002332caad8c0 Exception <a 'java/lang/NoSuchMethodError'{0x000000069af4be08}: 'java.lang.Object java.lang.invoke.DirectMethodHandle$Holder.invokeSpecial(java.lang.Object, java.lang.Object, java.lang.Object, int, java.lang.Object)'> (0x000000069af4be08) 
thrown [s\src\hotspot\share\interpreter\linkResolver.cpp, line 759]
Event: 0.457 Thread 0x000002332caad8c0 Exception <a 'java/lang/NoSuchMethodError'{0x000000069af4f9d0}: 'java.lang.Object java.lang.invoke.Invokers$Holder.linkToTargetMethod(java.lang.Object, int, java.lang.Object, java.lang.Object)'> (0x000000069af4f9d0) 
thrown [s\src\hotspot\share\interpreter\linkResolver.cpp, line 759]
Event: 0.468 Thread 0x000002332caad8c0 Exception <a 'java/lang/NoSuchMethodError'{0x000000069af87640}: 'java.lang.Object java.lang.invoke.DirectMethodHandle$Holder.newInvokeSpecial(java.lang.Object, int, java.lang.Object)'> (0x000000069af87640) 
thrown [s\src\hotspot\share\interpreter\linkResolver.cpp, line 759]
Event: 0.476 Thread 0x000002332caad8c0 Exception <a 'java/lang/NoSuchMethodError'{0x000000069afc9c28}: 'void java.lang.invoke.DirectMethodHandle$Holder.invokeStatic(java.lang.Object, java.lang.Object, java.lang.Object)'> (0x000000069afc9c28) 
thrown [s\src\hotspot\share\interpreter\linkResolver.cpp, line 759]
Event: 0.503 Thread 0x000002332caad8c0 Exception <a 'java/lang/NoSuchMethodError'{0x000000069aa835d8}: 'void java.lang.invoke.DirectMethodHandle$Holder.invokeInterface(java.lang.Object, java.lang.Object)'> (0x000000069aa835d8) 
thrown [s\src\hotspot\share\interpreter\linkResolver.cpp, line 759]
Event: 0.543 Thread 0x000002332caad8c0 Exception <a 'java/net/SocketException'{0x000000069b8a8658}: Socket is not connected: shutdown> (0x000000069b8a8658) 
thrown [s\src\hotspot\share\prims\jni.cpp, line 535]
Event: 0.543 Thread 0x000002332caad8c0 Exception <a 'java/net/SocketException'{0x000000069b8a8f78}: Socket is not connected: shutdown> (0x000000069b8a8f78) 
thrown [s\src\hotspot\share\prims\jni.cpp, line 535]

VM Operations (14 events):
Event: 0.098 Executing VM operation: HandshakeAllThreads
Event: 0.098 Executing VM operation: HandshakeAllThreads done
Event: 0.201 Executing VM operation: HandshakeAllThreads
Event: 0.201 Executing VM operation: HandshakeAllThreads done
Event: 0.237 Executing VM operation: HandshakeAllThreads
Event: 0.237 Executing VM operation: HandshakeAllThreads done
Event: 0.250 Executing VM operation: HandshakeAllThreads
Event: 0.250 Executing VM operation: HandshakeAllThreads done
Event: 0.303 Executing VM operation: HandshakeAllThreads
Event: 0.303 Executing VM operation: HandshakeAllThreads done
Event: 0.342 Executing VM operation: HandshakeAllThreads
Event: 0.342 Executing VM operation: HandshakeAllThreads done
Event: 0.525 Executing VM operation: G1CollectForAllocation
Event: 0.529 Executing VM operation: G1CollectForAllocation done

Events (20 events):
Event: 0.543 loading class sun/nio/ch/ExtendedSocketOption$1
Event: 0.543 loading class sun/nio/ch/ExtendedSocketOption$1 done
Event: 0.543 loading class java/io/OutputStream$1
Event: 0.543 loading class java/io/OutputStream$1 done
Event: 0.544 loading class java/util/concurrent/Executors
Event: 0.544 loading class java/util/concurrent/Executors done
Event: 0.544 loading class java/util/concurrent/ThreadPoolExecutor
Event: 0.544 loading class java/util/concurrent/ThreadPoolExecutor done
Event: 0.544 loading class java/util/concurrent/ThreadPoolExecutor$AbortPolicy
Event: 0.544 loading class java/util/concurrent/RejectedExecutionHandler
Event: 0.544 loading class java/util/concurrent/RejectedExecutionHandler done
Event: 0.544 loading class java/util/concurrent/ThreadPoolExecutor$AbortPolicy done
Event: 0.544 loading class java/util/concurrent/LinkedBlockingQueue
Event: 0.544 loading class java/util/concurrent/LinkedBlockingQueue done
Event: 0.544 loading class java/util/concurrent/locks/AbstractQueuedSynchronizer$ConditionObject
Event: 0.544 loading class java/util/concurrent/locks/Condition
Event: 0.544 loading class java/util/concurrent/locks/Condition done
Event: 0.544 loading class java/util/concurrent/locks/AbstractQueuedSynchronizer$ConditionObject done
Event: 0.544 loading class java/util/concurrent/LinkedBlockingQueue$Node
Event: 0.544 loading class java/util/concurrent/LinkedBlockingQueue$Node done


Dynamic libraries:
0x00007ff73eeb0000 - 0x00007ff73eebe000 	C:\Users\DELL\.p2\pool\plugins\org.eclipse.justj.openjdk.hotspot.jre.full.win32.x86_64_17.0.8.v20230831-1047\jre\bin\javaw.exe
0x00007fff053b0000 - 0x00007fff055c7000 	C:\WINDOWS\SYSTEM32\ntdll.dll
0x00007fff04360000 - 0x00007fff04424000 	C:\WINDOWS\System32\KERNEL32.DLL
0x00007fff02990000 - 0x00007fff02d36000 	C:\WINDOWS\System32\KERNELBASE.dll
0x00007fff02f20000 - 0x00007fff03031000 	C:\WINDOWS\System32\ucrtbase.dll
0x00007ffef3ef0000 - 0x00007ffef3f07000 	C:\Users\DELL\.p2\pool\plugins\org.eclipse.justj.openjdk.hotspot.jre.full.win32.x86_64_17.0.8.v20230831-1047\jre\bin\jli.dll
0x00007ffeec840000 - 0x00007ffeec859000 	C:\Users\DELL\.p2\pool\plugins\org.eclipse.justj.openjdk.hotspot.jre.full.win32.x86_64_17.0.8.v20230831-1047\jre\bin\VCRUNTIME140.dll
0x00007fff04610000 - 0x00007fff047bd000 	C:\WINDOWS\System32\USER32.dll
0x00007fff03040000 - 0x00007fff03066000 	C:\WINDOWS\System32\win32u.dll
0x00007ffeecfb0000 - 0x00007ffeed243000 	C:\WINDOWS\WinSxS\amd64_microsoft.windows.common-controls_6595b64144ccf1df_6.0.22621.2361_none_2712ced57382f843\COMCTL32.dll
0x00007fff047c0000 - 0x00007fff047e9000 	C:\WINDOWS\System32\GDI32.dll
0x00007fff03d90000 - 0x00007fff03e37000 	C:\WINDOWS\System32\msvcrt.dll
0x00007fff02e00000 - 0x00007fff02f18000 	C:\WINDOWS\System32\gdi32full.dll
0x00007fff03070000 - 0x00007fff0310a000 	C:\WINDOWS\System32\msvcp_win.dll
0x00007fff04430000 - 0x00007fff04461000 	C:\WINDOWS\System32\IMM32.DLL
0x00007ffef5da0000 - 0x00007ffef5dac000 	C:\Users\DELL\.p2\pool\plugins\org.eclipse.justj.openjdk.hotspot.jre.full.win32.x86_64_17.0.8.v20230831-1047\jre\bin\vcruntime140_1.dll
0x00007ffec8670000 - 0x00007ffec8701000 	C:\Users\DELL\.p2\pool\plugins\org.eclipse.justj.openjdk.hotspot.jre.full.win32.x86_64_17.0.8.v20230831-1047\jre\bin\msvcp140.dll
0x00007ffebb440000 - 0x00007ffebc08c000 	C:\Users\DELL\.p2\pool\plugins\org.eclipse.justj.openjdk.hotspot.jre.full.win32.x86_64_17.0.8.v20230831-1047\jre\bin\server\jvm.dll
0x00007fff047f0000 - 0x00007fff048a0000 	C:\WINDOWS\System32\ADVAPI32.dll
0x00007fff03ab0000 - 0x00007fff03b56000 	C:\WINDOWS\System32\sechost.dll
0x00007fff04470000 - 0x00007fff04587000 	C:\WINDOWS\System32\RPCRT4.dll
0x00007ffeccc90000 - 0x00007ffeccc99000 	C:\WINDOWS\SYSTEM32\WSOCK32.dll
0x00007fff00110000 - 0x00007fff00144000 	C:\WINDOWS\SYSTEM32\WINMM.dll
0x00007fff036f0000 - 0x00007fff03761000 	C:\WINDOWS\System32\WS2_32.dll
0x00007fff01590000 - 0x00007fff015dd000 	C:\WINDOWS\SYSTEM32\POWRPROF.dll
0x00007ffef5ad0000 - 0x00007ffef5ada000 	C:\WINDOWS\SYSTEM32\VERSION.dll
0x00007fff01560000 - 0x00007fff01573000 	C:\WINDOWS\SYSTEM32\UMPDC.dll
0x00007fff017d0000 - 0x00007fff017e8000 	C:\WINDOWS\SYSTEM32\kernel.appcore.dll
0x00007ffefd220000 - 0x00007ffefd22a000 	C:\Users\DELL\.p2\pool\plugins\org.eclipse.justj.openjdk.hotspot.jre.full.win32.x86_64_17.0.8.v20230831-1047\jre\bin\jimage.dll
0x00007ffeffee0000 - 0x00007fff0010e000 	C:\WINDOWS\SYSTEM32\DBGHELP.DLL
0x00007fff03110000 - 0x00007fff0349a000 	C:\WINDOWS\System32\combase.dll
0x00007fff048f0000 - 0x00007fff049c7000 	C:\WINDOWS\System32\OLEAUT32.dll
0x00007ffeffea0000 - 0x00007ffeffed2000 	C:\WINDOWS\SYSTEM32\dbgcore.DLL
0x00007fff027a0000 - 0x00007fff0281a000 	C:\WINDOWS\System32\bcryptPrimitives.dll
0x00007ffef5aa0000 - 0x00007ffef5ac5000 	C:\Users\DELL\.p2\pool\plugins\org.eclipse.justj.openjdk.hotspot.jre.full.win32.x86_64_17.0.8.v20230831-1047\jre\bin\java.dll
0x00007ffef5a80000 - 0x00007ffef5a98000 	C:\Users\DELL\.p2\pool\plugins\org.eclipse.justj.openjdk.hotspot.jre.full.win32.x86_64_17.0.8.v20230831-1047\jre\bin\zip.dll
0x00007fff049d0000 - 0x00007fff05228000 	C:\WINDOWS\System32\SHELL32.dll
0x00007fff00650000 - 0x00007fff00f42000 	C:\WINDOWS\SYSTEM32\windows.storage.dll
0x00007fff00510000 - 0x00007fff0064e000 	C:\WINDOWS\SYSTEM32\wintypes.dll
0x00007fff034a0000 - 0x00007fff03593000 	C:\WINDOWS\System32\SHCORE.dll
0x00007fff05230000 - 0x00007fff0528e000 	C:\WINDOWS\System32\shlwapi.dll
0x00007fff02660000 - 0x00007fff02686000 	C:\WINDOWS\SYSTEM32\profapi.dll
0x00007ffef3ed0000 - 0x00007ffef3ee9000 	C:\Users\DELL\.p2\pool\plugins\org.eclipse.justj.openjdk.hotspot.jre.full.win32.x86_64_17.0.8.v20230831-1047\jre\bin\net.dll
0x00007ffefba10000 - 0x00007ffefbb47000 	C:\WINDOWS\SYSTEM32\WINHTTP.dll
0x00007fff01ce0000 - 0x00007fff01d49000 	C:\WINDOWS\system32\mswsock.dll
0x00007ffef3d50000 - 0x00007ffef3d65000 	C:\Users\DELL\.p2\pool\plugins\org.eclipse.justj.openjdk.hotspot.jre.full.win32.x86_64_17.0.8.v20230831-1047\jre\bin\nio.dll
0x00007fff01290000 - 0x00007fff01389000 	C:\WINDOWS\SYSTEM32\DNSAPI.dll
0x00007fff01260000 - 0x00007fff0128d000 	C:\WINDOWS\SYSTEM32\IPHLPAPI.DLL
0x00007fff03e40000 - 0x00007fff03e49000 	C:\WINDOWS\System32\NSI.dll
0x0000000060810000 - 0x0000000060845000 	C:\Program Files\Bonjour\mdnsNSP.dll
0x00007ffef3640000 - 0x00007ffef364a000 	C:\Windows\System32\rasadhlp.dll
0x00007ffef9bf0000 - 0x00007ffef9c74000 	C:\WINDOWS\System32\fwpuclnt.dll
0x00007fff01f30000 - 0x00007fff01f4b000 	C:\WINDOWS\SYSTEM32\CRYPTSP.dll
0x00007fff01790000 - 0x00007fff017c5000 	C:\WINDOWS\system32\rsaenh.dll
0x00007fff01dd0000 - 0x00007fff01dfc000 	C:\WINDOWS\SYSTEM32\USERENV.dll
0x00007fff020f0000 - 0x00007fff02118000 	C:\WINDOWS\SYSTEM32\bcrypt.dll
0x00007fff01f50000 - 0x00007fff01f5c000 	C:\WINDOWS\SYSTEM32\CRYPTBASE.dll
0x00007ffefb930000 - 0x00007ffefb949000 	C:\WINDOWS\SYSTEM32\dhcpcsvc6.DLL
0x00007ffefb910000 - 0x00007ffefb92f000 	C:\WINDOWS\SYSTEM32\dhcpcsvc.DLL

dbghelp: loaded successfully - version: 4.0.5 - missing functions: none
symbol engine: initialized successfully - sym options: 0x614 - pdb path: .;C:\Users\DELL\.p2\pool\plugins\org.eclipse.justj.openjdk.hotspot.jre.full.win32.x86_64_17.0.8.v20230831-1047\jre\bin;C:\WINDOWS\SYSTEM32;C:\WINDOWS\WinSxS\amd64_microsoft.windows.common-controls_6595b64144ccf1df_6.0.22621.2361_none_2712ced57382f843;C:\Users\DELL\.p2\pool\plugins\org.eclipse.justj.openjdk.hotspot.jre.full.win32.x86_64_17.0.8.v20230831-1047\jre\bin\server;C:\Program Files\Bonjour

VM Arguments:
jvm_args: -ea -Dfile.encoding=UTF-8 -Dstdout.encoding=UTF-8 -Dstderr.encoding=UTF-8 -XX:+ShowCodeDetailsInExceptionMessages 
java_command: org.testng.remote.RemoteTestNG -serport 59082 -protocol json -d C:\Users\DELL\eclipse-workspace\TestNG_AutomationUniversity\test-output C:\Users\DELL\AppData\Local\Temp\testng-eclipse-1866564292\testng-customsuite.xml
java_class_path (initial): C:\Users\DELL\eclipse\java-2023-09\eclipse\configuration\org.eclipse.osgi\523\0\.cp\lib\testng-remote.jar;C:\Users\DELL\eclipse-workspace\TestNG_AutomationUniversity\bin;C:\Users\DELL\.p2\pool\plugins\org.testng_7.4.0.r202105021533.jar;C:\Users\DELL\.p2\pool\plugins\com.beust.jcommander_1.78.0.jar;C:\Users\DELL\.p2\pool\plugins\org.apache-extras.beanshell.bsh_2.0.0.b6.jar;C:\Users\DELL\.p2\pool\plugins\org.yaml.snakeyaml_1.21.0.jar;C:\Users\DELL\.p2\pool\plugins\org.webjars.jquery_3.5.1.jar;C:\Users\DELL\Downloads\selenium-java-4.14.1\selenium-api-4.14.1.jar;C:\Users\DELL\Downloads\selenium-java-4.14.1\selenium-api-4.14.1-sources.jar;C:\Users\DELL\Downloads\selenium-java-4.14.1\selenium-chrome-driver-4.14.1.jar;C:\Users\DELL\Downloads\selenium-java-4.14.1\selenium-chrome-driver-4.14.1-sources.jar;C:\Users\DELL\Downloads\selenium-java-4.14.1\selenium-chromium-driver-4.14.1.jar;C:\Users\DELL\Downloads\selenium-java-4.14.1\selenium-chromium-driver-4.14.1-sources.jar;C:\Users\DELL\Downloads\selenium-java-4.14.1\selenium-devtools-v85-4.14.1.jar;C:\Users\DELL\Downloads\selenium-java-4.14.1\selenium-devtools-v85-4.14.1-sources.jar;C:\Users\DELL\Downloads\selenium-java-4.14.1\selenium-devtools-v116-4.14.1.jar;C:\Users\DELL\Downloads\selenium-java-4.14.1\selenium-devtools-v116-4.14.1-sources.jar;C:\Users\DELL\Downloads\selenium-java-4.14.1\selenium-devtools-v117-4.14.1.jar;C:\Users\DELL\Downloads\selenium-java-4.14.1\selenium-devtools-v117-4.14.1-sources.jar;C:\Users\DELL\Downloads\selenium-java-4.14.1\selenium-devtools-v118-4.14.1.jar;C:\Users\DELL\Downloads\selenium-java-4.14.1\selenium-devtools-v118-4.14.1-sources.jar;C:\Users\DELL\Downloads\selenium-java-4.14.1\selenium-edge-driver-4.14.1.jar;C:\Users\DELL\Downloads\selenium-java-4.14.1\selenium-edge-driver-4.14.1-sources.jar;C:\Users\DELL\Downloads\selenium-java-4.14.1\selenium-firefox-driver-4.14.1.jar;C:\Users\DELL\Downloads\selenium-java-4.14.1\selenium-firefox-driver-4.14.1-sources.jar;C
Launcher Type: SUN_STANDARD

[Global flags]
     intx CICompilerCount                          = 4                                         {product} {ergonomic}
     uint ConcGCThreads                            = 2                                         {product} {ergonomic}
     uint G1ConcRefinementThreads                  = 8                                         {product} {ergonomic}
   size_t G1HeapRegionSize                         = 4194304                                   {product} {ergonomic}
    uintx GCDrainStackTargetSize                   = 64                                        {product} {ergonomic}
   size_t InitialHeapSize                          = 398458880                                 {product} {ergonomic}
   size_t MarkStackSize                            = 4194304                                   {product} {ergonomic}
   size_t MaxHeapSize                              = 6375342080                                {product} {ergonomic}
   size_t MaxNewSize                               = 3825205248                                {product} {ergonomic}
   size_t MinHeapDeltaBytes                        = 4194304                                   {product} {ergonomic}
   size_t MinHeapSize                              = 8388608                                   {product} {ergonomic}
    uintx NonNMethodCodeHeapSize                   = 5839372                                {pd product} {ergonomic}
    uintx NonProfiledCodeHeapSize                  = 122909434                              {pd product} {ergonomic}
    uintx ProfiledCodeHeapSize                     = 122909434                              {pd product} {ergonomic}
    uintx ReservedCodeCacheSize                    = 251658240                              {pd product} {ergonomic}
     bool SegmentedCodeCache                       = true                                      {product} {ergonomic}
     bool ShowCodeDetailsInExceptionMessages       = true                                   {manageable} {command line}
   size_t SoftMaxHeapSize                          = 6375342080                             {manageable} {ergonomic}
     bool UseCompressedClassPointers               = true                           {product lp64_product} {ergonomic}
     bool UseCompressedOops                        = true                           {product lp64_product} {ergonomic}
     bool UseG1GC                                  = true                                      {product} {ergonomic}
     bool UseLargePagesIndividualAllocation        = false                                  {pd product} {ergonomic}

Logging:
Log output configuration:
 #0: stdout all=warning uptime,level,tags
 #1: stderr all=off uptime,level,tags

Environment Variables:
JAVA_HOME=C:\Program Files\Java\jdk1.8.0_161
PATH=C:/Users/DELL/.p2/pool/plugins/org.eclipse.justj.openjdk.hotspot.jre.full.win32.x86_64_17.0.8.v20230831-1047/jre/bin/server;C:/Users/DELL/.p2/pool/plugins/org.eclipse.justj.openjdk.hotspot.jre.full.win32.x86_64_17.0.8.v20230831-1047/jre/bin;C:\ProgramData\Oracle\Java\javapath;C:\Windows\system32;C:\Windows;C:\Windows\System32\Wbem;C:\Windows\System32\WindowsPowerShell\v1.0\;C:\Windows\System32\OpenSSH\;C:\Program Files\NVIDIA Corporation\NVIDIA NvDLISR;C:\Program Files\dotnet\;C:\Program Files\Java\jdk1.8.0_161\bin;C:\Program Files\nodejs\;C:\ProgramData\chocolatey\bin;C:\WINDOWS\system32;C:\WINDOWS;C:\WINDOWS\System32\Wbem;C:\WINDOWS\System32\WindowsPowerShell\v1.0\;C:\WINDOWS\System32\OpenSSH\;D:\php all\xampp\php;C:\Program Files (x86)\dotnet\;C:\Users\DELL\AppData\Local\Microsoft\WindowsApps;C:\Users\DELL\AppData\Roaming\npm;D:\WebStorm 2022.3.1\bin;;D:\PyCharm Community Edition 2022.3.1\bin;;D:\Microsoft VS Code\bin;C:\Users\DELL\AppData\Local\Programs\Microsoft VS Code\bin;C:\Program Files\JetBrains\IntelliJ IDEA Community Edition 2023.2.3\bin;;;C:\WINDOWS\system32;
USERNAME=DELL
OS=Windows_NT
PROCESSOR_IDENTIFIER=Intel64 Family 6 Model 140 Stepping 1, GenuineIntel
TMP=C:\Users\DELL\AppData\Local\Temp
TEMP=C:\Users\DELL\AppData\Local\Temp



---------------  S Y S T E M  ---------------

OS:
 Windows 11 , 64 bit Build 22621 (10.0.22621.2428)
OS uptime: 0 days 11:48 hours
Hyper-V role detected

CPU: total 8 (initial active 8) (4 cores per cpu, 2 threads per core) family 6 model 140 stepping 1 microcode 0xac, cx8, cmov, fxsr, ht, mmx, 3dnowpref, sse, sse2, sse3, ssse3, sse4.1, sse4.2, popcnt, lzcnt, tsc, tscinvbit, avx, avx2, aes, erms, clmul, bmi1, bmi2, adx, avx512f, avx512dq, avx512cd, avx512bw, avx512vl, sha, fma, vzeroupper, avx512_vpopcntdq, avx512_vpclmulqdq, avx512_vaes, avx512_vnni, clflush, clflushopt, clwb, avx512_vbmi2, avx512_vbmi, hv
Processor Information for all 8 processors :
  Max Mhz: 2803, Current Mhz: 2803, Mhz Limit: 2803

Memory: 4k page, system-wide physical 24310M (8543M free)
TotalPageFile size 24310M (AvailPageFile size 3M)
current process WorkingSet (physical memory assigned to process): 82M, peak: 82M
current process commit charge ("private bytes"): 488M, peak: 488M

vm_info: OpenJDK 64-Bit Server VM (17.0.8.1+1) for windows-amd64 JRE (17.0.8.1+1), built on Aug 23 2023 15:29:17 by "admin" with MS VC++ 16.7 (VS2019)

END.
